2019-10-02 14:18:23 INFO o.s.b.StartupInfoLogger.logStarting():50 - Starting Application on HOANGTUAN.local with PID 90513 (/Users/tuan/Projects/order-system/kafka-consumer/build/classes/java/main started by tuan in /Users/tuan/Projects/order-system/kafka-consumer)
2019-10-02 14:18:23 INFO o.s.b.SpringApplication.logStartupProfileInfo():648 - No active profile set, falling back to default profiles: default
2019-10-02 14:18:24 INFO o.s.c.s.PostProcessorRegistrationDelegate$BeanPostProcessorChecker.postProcessAfterInitialization():330 - Bean 'org.springframework.kafka.annotation.KafkaBootstrapConfiguration' of type [org.springframework.kafka.annotation.KafkaBootstrapConfiguration$$EnhancerBySpringCGLIB$$f5a991b9] is not eligible for getting processed by all BeanPostProcessors (for example: not eligible for auto-proxying)
2019-10-02 14:18:24 INFO o.a.k.c.c.AbstractConfig.logAll():279 - ConsumerConfig values: 
	auto.commit.interval.ms = 5000
	auto.offset.reset = earliest
	bootstrap.servers = [10.50.1.6:9092, 10.50.1.7:9092, 10.50.1.8:9092]
	check.crcs = true
	client.id = 
	connections.max.idle.ms = 540000
	default.api.timeout.ms = 60000
	enable.auto.commit = true
	exclude.internal.topics = true
	fetch.max.bytes = 52428800
	fetch.max.wait.ms = 500
	fetch.min.bytes = 1
	group.id = ChidokunKafkaConsumer
	heartbeat.interval.ms = 3000
	interceptor.classes = []
	internal.leave.group.on.close = true
	isolation.level = read_uncommitted
	key.deserializer = class org.apache.kafka.common.serialization.StringDeserializer
	max.partition.fetch.bytes = 1048576
	max.poll.interval.ms = 300000
	max.poll.records = 500
	metadata.max.age.ms = 300000
	metric.reporters = []
	metrics.num.samples = 2
	metrics.recording.level = INFO
	metrics.sample.window.ms = 30000
	partition.assignment.strategy = [class org.apache.kafka.clients.consumer.RangeAssignor]
	receive.buffer.bytes = 65536
	reconnect.backoff.max.ms = 1000
	reconnect.backoff.ms = 50
	request.timeout.ms = 30000
	retry.backoff.ms = 100
	sasl.client.callback.handler.class = null
	sasl.jaas.config = null
	sasl.kerberos.kinit.cmd = /usr/bin/kinit
	sasl.kerberos.min.time.before.relogin = 60000
	sasl.kerberos.service.name = null
	sasl.kerberos.ticket.renew.jitter = 0.05
	sasl.kerberos.ticket.renew.window.factor = 0.8
	sasl.login.callback.handler.class = null
	sasl.login.class = null
	sasl.login.refresh.buffer.seconds = 300
	sasl.login.refresh.min.period.seconds = 60
	sasl.login.refresh.window.factor = 0.8
	sasl.login.refresh.window.jitter = 0.05
	sasl.mechanism = GSSAPI
	security.protocol = PLAINTEXT
	send.buffer.bytes = 131072
	session.timeout.ms = 10000
	ssl.cipher.suites = null
	ssl.enabled.protocols = [TLSv1.2, TLSv1.1, TLSv1]
	ssl.endpoint.identification.algorithm = https
	ssl.key.password = null
	ssl.keymanager.algorithm = SunX509
	ssl.keystore.location = null
	ssl.keystore.password = null
	ssl.keystore.type = JKS
	ssl.protocol = TLS
	ssl.provider = null
	ssl.secure.random.implementation = null
	ssl.trustmanager.algorithm = PKIX
	ssl.truststore.location = null
	ssl.truststore.password = null
	ssl.truststore.type = JKS
	value.deserializer = class org.apache.kafka.common.serialization.StringDeserializer

2019-10-02 14:18:24 INFO o.a.k.c.u.AppInfoParser$AppInfo.<init>():109 - Kafka version : 2.0.1
2019-10-02 14:18:24 INFO o.a.k.c.u.AppInfoParser$AppInfo.<init>():110 - Kafka commitId : fa14705e51bd2ce5
2019-10-02 14:18:24 INFO o.a.k.c.Metadata.update():285 - Cluster ID: 4X8z5Om1QNWdHsSX-IJNaw
2019-10-02 14:18:24 INFO o.a.k.c.c.AbstractConfig.logAll():279 - ConsumerConfig values: 
	auto.commit.interval.ms = 5000
	auto.offset.reset = earliest
	bootstrap.servers = [10.50.1.6:9092, 10.50.1.7:9092, 10.50.1.8:9092]
	check.crcs = true
	client.id = 
	connections.max.idle.ms = 540000
	default.api.timeout.ms = 60000
	enable.auto.commit = true
	exclude.internal.topics = true
	fetch.max.bytes = 52428800
	fetch.max.wait.ms = 500
	fetch.min.bytes = 1
	group.id = ChidokunKafkaConsumer
	heartbeat.interval.ms = 3000
	interceptor.classes = []
	internal.leave.group.on.close = true
	isolation.level = read_uncommitted
	key.deserializer = class org.apache.kafka.common.serialization.StringDeserializer
	max.partition.fetch.bytes = 1048576
	max.poll.interval.ms = 300000
	max.poll.records = 500
	metadata.max.age.ms = 300000
	metric.reporters = []
	metrics.num.samples = 2
	metrics.recording.level = INFO
	metrics.sample.window.ms = 30000
	partition.assignment.strategy = [class org.apache.kafka.clients.consumer.RangeAssignor]
	receive.buffer.bytes = 65536
	reconnect.backoff.max.ms = 1000
	reconnect.backoff.ms = 50
	request.timeout.ms = 30000
	retry.backoff.ms = 100
	sasl.client.callback.handler.class = null
	sasl.jaas.config = null
	sasl.kerberos.kinit.cmd = /usr/bin/kinit
	sasl.kerberos.min.time.before.relogin = 60000
	sasl.kerberos.service.name = null
	sasl.kerberos.ticket.renew.jitter = 0.05
	sasl.kerberos.ticket.renew.window.factor = 0.8
	sasl.login.callback.handler.class = null
	sasl.login.class = null
	sasl.login.refresh.buffer.seconds = 300
	sasl.login.refresh.min.period.seconds = 60
	sasl.login.refresh.window.factor = 0.8
	sasl.login.refresh.window.jitter = 0.05
	sasl.mechanism = GSSAPI
	security.protocol = PLAINTEXT
	send.buffer.bytes = 131072
	session.timeout.ms = 10000
	ssl.cipher.suites = null
	ssl.enabled.protocols = [TLSv1.2, TLSv1.1, TLSv1]
	ssl.endpoint.identification.algorithm = https
	ssl.key.password = null
	ssl.keymanager.algorithm = SunX509
	ssl.keystore.location = null
	ssl.keystore.password = null
	ssl.keystore.type = JKS
	ssl.protocol = TLS
	ssl.provider = null
	ssl.secure.random.implementation = null
	ssl.trustmanager.algorithm = PKIX
	ssl.truststore.location = null
	ssl.truststore.password = null
	ssl.truststore.type = JKS
	value.deserializer = class org.apache.kafka.common.serialization.StringDeserializer

2019-10-02 14:18:24 INFO o.a.k.c.u.AppInfoParser$AppInfo.<init>():109 - Kafka version : 2.0.1
2019-10-02 14:18:24 INFO o.a.k.c.u.AppInfoParser$AppInfo.<init>():110 - Kafka commitId : fa14705e51bd2ce5
2019-10-02 14:18:24 INFO o.s.s.c.ExecutorConfigurationSupport.initialize():171 - Initializing ExecutorService
2019-10-02 14:18:24 INFO o.a.k.c.c.AbstractConfig.logAll():279 - ConsumerConfig values: 
	auto.commit.interval.ms = 5000
	auto.offset.reset = earliest
	bootstrap.servers = [10.50.1.6:9092, 10.50.1.7:9092, 10.50.1.8:9092]
	check.crcs = true
	client.id = 
	connections.max.idle.ms = 540000
	default.api.timeout.ms = 60000
	enable.auto.commit = true
	exclude.internal.topics = true
	fetch.max.bytes = 52428800
	fetch.max.wait.ms = 500
	fetch.min.bytes = 1
	group.id = ChidokunKafkaConsumer
	heartbeat.interval.ms = 3000
	interceptor.classes = []
	internal.leave.group.on.close = true
	isolation.level = read_uncommitted
	key.deserializer = class org.apache.kafka.common.serialization.StringDeserializer
	max.partition.fetch.bytes = 1048576
	max.poll.interval.ms = 300000
	max.poll.records = 500
	metadata.max.age.ms = 300000
	metric.reporters = []
	metrics.num.samples = 2
	metrics.recording.level = INFO
	metrics.sample.window.ms = 30000
	partition.assignment.strategy = [class org.apache.kafka.clients.consumer.RangeAssignor]
	receive.buffer.bytes = 65536
	reconnect.backoff.max.ms = 1000
	reconnect.backoff.ms = 50
	request.timeout.ms = 30000
	retry.backoff.ms = 100
	sasl.client.callback.handler.class = null
	sasl.jaas.config = null
	sasl.kerberos.kinit.cmd = /usr/bin/kinit
	sasl.kerberos.min.time.before.relogin = 60000
	sasl.kerberos.service.name = null
	sasl.kerberos.ticket.renew.jitter = 0.05
	sasl.kerberos.ticket.renew.window.factor = 0.8
	sasl.login.callback.handler.class = null
	sasl.login.class = null
	sasl.login.refresh.buffer.seconds = 300
	sasl.login.refresh.min.period.seconds = 60
	sasl.login.refresh.window.factor = 0.8
	sasl.login.refresh.window.jitter = 0.05
	sasl.mechanism = GSSAPI
	security.protocol = PLAINTEXT
	send.buffer.bytes = 131072
	session.timeout.ms = 10000
	ssl.cipher.suites = null
	ssl.enabled.protocols = [TLSv1.2, TLSv1.1, TLSv1]
	ssl.endpoint.identification.algorithm = https
	ssl.key.password = null
	ssl.keymanager.algorithm = SunX509
	ssl.keystore.location = null
	ssl.keystore.password = null
	ssl.keystore.type = JKS
	ssl.protocol = TLS
	ssl.provider = null
	ssl.secure.random.implementation = null
	ssl.trustmanager.algorithm = PKIX
	ssl.truststore.location = null
	ssl.truststore.password = null
	ssl.truststore.type = JKS
	value.deserializer = class org.apache.kafka.common.serialization.StringDeserializer

2019-10-02 14:18:24 INFO o.a.k.c.u.AppInfoParser$AppInfo.<init>():109 - Kafka version : 2.0.1
2019-10-02 14:18:24 INFO o.a.k.c.u.AppInfoParser$AppInfo.<init>():110 - Kafka commitId : fa14705e51bd2ce5
2019-10-02 14:18:24 INFO o.s.s.c.ExecutorConfigurationSupport.initialize():171 - Initializing ExecutorService
2019-10-02 14:18:24 INFO o.s.b.StartupInfoLogger.logStarted():59 - Started Application in 1.123 seconds (JVM running for 2.147)
2019-10-02 14:18:24 INFO o.a.k.c.Metadata.update():285 - Cluster ID: 4X8z5Om1QNWdHsSX-IJNaw
2019-10-02 14:18:24 INFO o.a.k.c.Metadata.update():285 - Cluster ID: 4X8z5Om1QNWdHsSX-IJNaw
2019-10-02 14:18:24 INFO o.a.k.c.c.i.AbstractCoordinator$FindCoordinatorResponseHandler.onSuccess():677 - [Consumer clientId=consumer-2, groupId=ChidokunKafkaConsumer] Discovered group coordinator 10.50.1.7:9092 (id: 2147483646 rack: null)
2019-10-02 14:18:24 INFO o.a.k.c.c.i.AbstractCoordinator$FindCoordinatorResponseHandler.onSuccess():677 - [Consumer clientId=consumer-3, groupId=ChidokunKafkaConsumer] Discovered group coordinator 10.50.1.7:9092 (id: 2147483646 rack: null)
2019-10-02 14:18:24 INFO o.a.k.c.c.i.ConsumerCoordinator.onJoinPrepare():472 - [Consumer clientId=consumer-2, groupId=ChidokunKafkaConsumer] Revoking previously assigned partitions []
2019-10-02 14:18:24 INFO o.a.k.c.c.i.ConsumerCoordinator.onJoinPrepare():472 - [Consumer clientId=consumer-3, groupId=ChidokunKafkaConsumer] Revoking previously assigned partitions []
2019-10-02 14:18:24 INFO o.s.k.l.AbstractMessageListenerContainer$1.onPartitionsRevoked():394 - partitions revoked: []
2019-10-02 14:18:24 INFO o.s.k.l.AbstractMessageListenerContainer$1.onPartitionsRevoked():394 - partitions revoked: []
2019-10-02 14:18:24 INFO o.a.k.c.c.i.AbstractCoordinator.sendJoinGroupRequest():509 - [Consumer clientId=consumer-2, groupId=ChidokunKafkaConsumer] (Re-)joining group
2019-10-02 14:18:24 INFO o.a.k.c.c.i.AbstractCoordinator.sendJoinGroupRequest():509 - [Consumer clientId=consumer-3, groupId=ChidokunKafkaConsumer] (Re-)joining group
2019-10-02 14:18:24 INFO o.a.k.c.c.i.AbstractCoordinator.sendJoinGroupRequest():509 - [Consumer clientId=consumer-2, groupId=ChidokunKafkaConsumer] (Re-)joining group
2019-10-02 14:18:24 INFO o.a.k.c.c.i.AbstractCoordinator$1.onSuccess():473 - [Consumer clientId=consumer-2, groupId=ChidokunKafkaConsumer] Successfully joined group with generation 2
2019-10-02 14:18:24 INFO o.a.k.c.c.i.AbstractCoordinator$1.onSuccess():473 - [Consumer clientId=consumer-3, groupId=ChidokunKafkaConsumer] Successfully joined group with generation 2
2019-10-02 14:18:24 INFO o.a.k.c.c.i.ConsumerCoordinator.onJoinComplete():280 - [Consumer clientId=consumer-3, groupId=ChidokunKafkaConsumer] Setting newly assigned partitions []
2019-10-02 14:18:24 INFO o.a.k.c.c.i.ConsumerCoordinator.onJoinComplete():280 - [Consumer clientId=consumer-2, groupId=ChidokunKafkaConsumer] Setting newly assigned partitions [UMChangePhone-0]
2019-10-02 14:18:24 INFO o.s.k.l.AbstractMessageListenerContainer$1.onPartitionsAssigned():399 - partitions assigned: []
2019-10-02 14:18:24 INFO o.a.k.c.c.i.Fetcher.resetOffsetIfNeeded():601 - [Consumer clientId=consumer-2, groupId=ChidokunKafkaConsumer] Resetting offset for partition UMChangePhone-0 to offset 0.
2019-10-02 14:18:24 INFO o.s.k.l.AbstractMessageListenerContainer$1.onPartitionsAssigned():399 - partitions assigned: [UMChangePhone-0]
2019-10-02 14:18:24 INFO c.c.k.Application.consumeTopic():20 - Kafka Consumer: UMChangePhone: {"userId":"190318000002502","oldPhoneNumber":0,"newPhoneNumber":84964107809}
2019-10-02 14:18:24 INFO c.c.k.Application.consumeTopic():20 - Kafka Consumer: UMChangePhone: {"userId":"190318000002502","oldPhoneNumber":0,"newPhoneNumber":84964107809}
